Using pre-set license
Built from '2020.3/staging' branch; Version is '2020.3.19f1 (68f137dc9bbe) revision 6877495'; Using compiler version '192528614'; Build Type 'Release'
OS: 'Windows 10 Pro; OS build 19042.1083; Version 2009; 64bit' Language: 'fr' Physical Memory: 8080 MB
BatchMode: 1, IsHumanControllingUs: 0, StartBugReporterOnCrash: 0, Is64bit: 1, IsPro: 0

COMMAND LINE ARGUMENTS:
C:\Program Files\Unity\Hub\Editor\2020.3.19f1\Editor\Unity.exe
-adb2
-batchMode
-noUpm
-name
AssetImportWorker0
-projectPath
C:/Users/PC/Desktop/ESGI/2021_2022/Prog_JV/Disc_Battle/Dodge That fucking casual
-logFile
Logs/AssetImportWorker0.log
-srvPort
49256
Successfully changed project path to: C:/Users/PC/Desktop/ESGI/2021_2022/Prog_JV/Disc_Battle/Dodge That fucking casual
C:/Users/PC/Desktop/ESGI/2021_2022/Prog_JV/Disc_Battle/Dodge That fucking casual
Using Asset Import Pipeline V2.
Refreshing native plugins compatible for Editor in 108.56 ms, found 3 plugins.
Preloading 0 native plugins for Editor in 0.00 ms.
Initialize engine version: 2020.3.19f1 (68f137dc9bbe)
[Subsystems] Discovering subsystems at path C:/Program Files/Unity/Hub/Editor/2020.3.19f1/Editor/Data/Resources/UnitySubsystems
[Subsystems] Discovering subsystems at path C:/Users/PC/Desktop/ESGI/2021_2022/Prog_JV/Disc_Battle/Dodge That fucking casual/Assets
GfxDevice: creating device client; threaded=0
Direct3D:
    Version:  Direct3D 11.0 [level 11.1]
    Renderer: Intel(R) HD Graphics 5500 (ID=0x1616)
    Vendor:   
    VRAM:     4040 MB
    Driver:   20.19.15.5126
Initialize mono
Mono path[0] = 'C:/Program Files/Unity/Hub/Editor/2020.3.19f1/Editor/Data/Managed'
Mono path[1] = 'C:/Program Files/Unity/Hub/Editor/2020.3.19f1/Editor/Data/MonoBleedingEdge/lib/mono/unityjit'
Mono config path = 'C:/Program Files/Unity/Hub/Editor/2020.3.19f1/Editor/Data/MonoBleedingEdge/etc'
Using monoOptions --debugger-agent=transport=dt_socket,embedding=1,server=y,suspend=n,address=127.0.0.1:56688
Begin MonoManager ReloadAssembly
Registering precompiled unity dll's ...
Register platform support module: C:/Program Files/Unity/Hub/Editor/2020.3.19f1/Editor/Data/PlaybackEngines/WindowsStandaloneSupport/UnityEditor.WindowsStandalone.Extensions.dll
Registered in 0.002992 seconds.
Native extension for WindowsStandalone target not found
Refreshing native plugins compatible for Editor in 60.60 ms, found 3 plugins.
Preloading 0 native plugins for Editor in 0.00 ms.
Mono: successfully reloaded assembly
- Completed reload, in  1.527 seconds
Domain Reload Profiling:
	ReloadAssembly (1528ms)
		BeginReloadAssembly (77ms)
			ExecutionOrderSort (0ms)
			DisableScriptedObjects (0ms)
			BackupInstance (0ms)
			ReleaseScriptingObjects (0ms)
			CreateAndSetChildDomain (1ms)
		EndReloadAssembly (635ms)
			LoadAssemblies (74ms)
			RebuildTransferFunctionScriptingTraits (0ms)
			SetupTypeCache (235ms)
			ReleaseScriptCaches (0ms)
			RebuildScriptCaches (47ms)
			SetupLoadedEditorAssemblies (249ms)
				LogAssemblyErrors (0ms)
				InitializePlatformSupportModulesInManaged (5ms)
				SetLoadedEditorAssemblies (0ms)
				RefreshPlugins (61ms)
				BeforeProcessingInitializeOnLoad (17ms)
				ProcessInitializeOnLoadAttributes (123ms)
				ProcessInitializeOnLoadMethodAttributes (43ms)
				AfterProcessingInitializeOnLoad (0ms)
				EditorAssembliesLoaded (0ms)
			ExecutionOrderSort2 (0ms)
			AwakeInstancesAfterBackupRestoration (0ms)
Platform modules already initialized, skipping
Registering precompiled user dll's ...
Registered in 0.004174 seconds.
Begin MonoManager ReloadAssembly
Native extension for WindowsStandalone target not found
Refreshing native plugins compatible for Editor in 60.72 ms, found 3 plugins.
Preloading 0 native plugins for Editor in 0.00 ms.
Mono: successfully reloaded assembly
- Completed reload, in  2.143 seconds
Domain Reload Profiling:
	ReloadAssembly (2144ms)
		BeginReloadAssembly (218ms)
			ExecutionOrderSort (0ms)
			DisableScriptedObjects (8ms)
			BackupInstance (0ms)
			ReleaseScriptingObjects (0ms)
			CreateAndSetChildDomain (25ms)
		EndReloadAssembly (1828ms)
			LoadAssemblies (151ms)
			RebuildTransferFunctionScriptingTraits (0ms)
			SetupTypeCache (500ms)
			ReleaseScriptCaches (1ms)
			RebuildScriptCaches (94ms)
			SetupLoadedEditorAssemblies (824ms)
				LogAssemblyErrors (0ms)
				InitializePlatformSupportModulesInManaged (6ms)
				SetLoadedEditorAssemblies (0ms)
				RefreshPlugins (61ms)
				BeforeProcessingInitializeOnLoad (114ms)
				ProcessInitializeOnLoadAttributes (589ms)
				ProcessInitializeOnLoadMethodAttributes (34ms)
				AfterProcessingInitializeOnLoad (20ms)
				EditorAssembliesLoaded (1ms)
			ExecutionOrderSort2 (0ms)
			AwakeInstancesAfterBackupRestoration (36ms)
Platform modules already initialized, skipping
========================================================================
Worker process is ready to serve import requests
Launched and connected shader compiler UnityShaderCompiler.exe after 0.10 seconds
Refreshing native plugins compatible for Editor in 0.84 ms, found 3 plugins.
Preloading 0 native plugins for Editor in 0.00 ms.
Unloading 2095 Unused Serialized files (Serialized files now loaded: 0)
System memory in use before: 93.9 MB.
System memory in use after: 94.0 MB.

Unloading 26 unused Assets to reduce memory usage. Loaded Objects now: 2534.
Total: 4.634900 ms (FindLiveObjects: 0.277900 ms CreateObjectMapping: 0.167300 ms MarkObjects: 4.087100 ms  DeleteObjects: 0.100600 ms)

AssetImportParameters requested are different than current active one (requested -> active):
  custom:framework-win-MediaFoundation: 216162199b28c13a410421893ffa2e32 -> 
  custom:video-decoder-ogg-theora: a1e56fd34408186e4bbccfd4996cb3dc -> 
  custom:container-muxer-webm: aa71ff27fc2769a1b78a27578f13a17b -> 
  custom:container-demuxer-webm: 4f35f7cbe854078d1ac9338744f61a02 -> 
  custom:container-demuxer-ogg: 62fdf1f143b41e24485cea50d1cbac27 -> 
  custom:video-encoder-webm-vp8: eb34c28f22e8b96e1ab97ce403110664 -> 
  custom:video-decoder-webm-vp8: 9c59270c3fd7afecdb556c50c9e8de78 -> 
  custom:audio-decoder-ogg-vorbis: bf7c407c2cedff20999df2af8eb42d56 -> 
  custom:audio-encoder-webm-vorbis: bf7c407c2cedff20999df2af8eb42d56 -> 
========================================================================
Received Import Request.
  path: Assets/Prefab/Ball.prefab
  artifactKey: Guid(14bc759dd69393c4d9696484aae8b439) Importer(815301076,1909f56bfc062723c751e8b465ee728b)
Start importing Assets/Prefab/Ball.prefab using Guid(14bc759dd69393c4d9696484aae8b439) Importer(815301076,1909f56bfc062723c751e8b465ee728b)  -> (artifact id: '6f9183ce055c0bb0888bb4b618296f32') in 0.165090 seconds 
  Import took 0.169967 seconds .

========================================================================
Received Import Request.
  Time since last request: 50.421648 seconds.
  path: Assets/Materials/ground 1.mat
  artifactKey: Guid(0d292d97771421e4281af2b3c948bf06) Importer(815301076,1909f56bfc062723c751e8b465ee728b)
Start importing Assets/Materials/ground 1.mat using Guid(0d292d97771421e4281af2b3c948bf06) Importer(815301076,1909f56bfc062723c751e8b465ee728b)  -> (artifact id: '4c595948f83eb68ab3a65c4f9d27b238') in 0.413562 seconds 
  Import took 0.419159 seconds .

========================================================================
Received Import Request.
  Time since last request: 0.000317 seconds.
  path: Assets/Materials/ground 2.mat
  artifactKey: Guid(4da50723125419e4f971b2199eb3b34f) Importer(815301076,1909f56bfc062723c751e8b465ee728b)
Start importing Assets/Materials/ground 2.mat using Guid(4da50723125419e4f971b2199eb3b34f) Importer(815301076,1909f56bfc062723c751e8b465ee728b)  -> (artifact id: '166af1e9b01f39f0be8f4e2567f51ee8') in 0.176074 seconds 
  Import took 0.181746 seconds .

========================================================================
Received Import Request.
  Time since last request: 0.000285 seconds.
  path: Assets/Materials/ground.mat
  artifactKey: Guid(3792689286db7c4439bb3272cca9d504) Importer(815301076,1909f56bfc062723c751e8b465ee728b)
Start importing Assets/Materials/ground.mat using Guid(3792689286db7c4439bb3272cca9d504) Importer(815301076,1909f56bfc062723c751e8b465ee728b)  -> (artifact id: '65f3759d4646a927f9b346de5729287d') in 0.033095 seconds 
  Import took 0.041261 seconds .

========================================================================
Received Import Request.
  Time since last request: 3.735027 seconds.
  path: Assets/Textures/ground.png
  artifactKey: Guid(8fb98b2669b72b74083713214e6b3e1d) Importer(815301076,1909f56bfc062723c751e8b465ee728b)
Start importing Assets/Textures/ground.png using Guid(8fb98b2669b72b74083713214e6b3e1d) Importer(815301076,1909f56bfc062723c751e8b465ee728b)  -> (artifact id: 'd5b22778fb4e560716ec80539097ce7a') in 0.160591 seconds 
  Import took 0.169201 seconds .

========================================================================
Received Import Request.
  Time since last request: 0.000359 seconds.
  path: Assets/Textures/tree.png
  artifactKey: Guid(2a5499fadb2002e4badb8592c9011d5a) Importer(815301076,1909f56bfc062723c751e8b465ee728b)
Start importing Assets/Textures/tree.png using Guid(2a5499fadb2002e4badb8592c9011d5a) Importer(815301076,1909f56bfc062723c751e8b465ee728b)  -> (artifact id: '86ebb8b3c1a672f116541aaa88608a5b') in 0.059421 seconds 
  Import took 0.068999 seconds .

